  title_logo.cpp
  title.cpp
  time.cpp
  sound.cpp
  score.cpp
  scene2D.cpp
  scene.cpp
  rule.cpp
  result.cpp
  renderer.cpp
  polygon.cpp
  player.cpp
  number.cpp
  manager.cpp
  main.cpp
  light.cpp
  life.cpp
  keyboard.cpp
  input.cpp
  game.cpp
  コードを生成中...
  コンパイル中...
  fade.cpp
  explosoin.cpp
  enemy.cpp
  bulllet.cpp
  bg.cpp
  コードを生成中...
title_logo.obj : error LNK2005: "public: __thiscall CTitle::CTitle(void)" (??0CTitle@@QAE@XZ) は既に title.obj で定義されています。
title_logo.obj : error LNK2005: "public: virtual __thiscall CTitle::~CTitle(void)" (??1CTitle@@UAE@XZ) は既に title.obj で定義されています。
title_logo.obj : error LNK2005: "public: static class CTitle * __cdecl CTitle::Create(struct D3DXVECTOR3,struct D3DXVECTOR3)" (?Create@CTitle@@SAPAV1@UD3DXVECTOR3@@0@Z) は既に title.obj で定義されています。
title_logo.obj : error LNK2005: "public: virtual void __thiscall CTitle::Draw(void)" (?Draw@CTitle@@UAEXXZ) は既に title.obj で定義されています。
title_logo.obj : error LNK2005: "public: void __thiscall CTitle::EnterUI(void)" (?EnterUI@CTitle@@QAEXXZ) は既に title.obj で定義されています。
title_logo.obj : error LNK2005: "public: virtual long __thiscall CTitle::Init(struct D3DXVECTOR3,struct D3DXVECTOR3)" (?Init@CTitle@@UAEJUD3DXVECTOR3@@0@Z) は既に title.obj で定義されています。
title_logo.obj : error LNK2005: "public: static long __cdecl CTitle::Load(void)" (?Load@CTitle@@SAJXZ) は既に title.obj で定義されています。
title_logo.obj : error LNK2005: "public: virtual void __thiscall CTitle::Uninit(void)" (?Uninit@CTitle@@UAEXXZ) は既に title.obj で定義されています。
title_logo.obj : error LNK2005: "public: static void __cdecl CTitle::Unload(void)" (?Unload@CTitle@@SAXXZ) は既に title.obj で定義されています。
title_logo.obj : error LNK2005: "public: virtual void __thiscall CTitle::Update(void)" (?Update@CTitle@@UAEXXZ) は既に title.obj で定義されています。
title_logo.obj : error LNK2005: "private: static struct IDirect3DTexture9 * * CTitle::m_pTexture" (?m_pTexture@CTitle@@0PAPAUIDirect3DTexture9@@A) は既に title.obj で定義されています。
C:\Users\student\Desktop\Game\制作中のゲーム\C++ fade\Debug\C++ fade.exe : fatal error LNK1169: 1 つ以上の複数回定義されているシンボルが見つかりました。
