  Score.cpp
  bg.cpp
  bullet.cpp
  enemy.cpp
  explosion.cpp
  fade.cpp
  game.cpp
  input.cpp
  life.cpp
  light.cpp
  main.cpp
  pause.cpp
  player.cpp
  result.cpp
  rule.cpp
  sound.cpp
  time.cpp
  title.cpp
  コード生成しています。
  26 of 121 functions (21.5%) were compiled, the rest were copied from previous compilation.
    0 functions were new in current compilation
    18 functions had inline decision re-evaluated but remain unchanged
  コード生成が終了しました。
  MAGICFIGHT.vcxproj -> C:\Users\student\Documents\Visual Studio 2015\Projects\MAGICFIGHT\MAGICFIGHT.exe
  MAGICFIGHT.vcxproj -> C:\Users\student\Documents\Visual Studio 2015\Projects\MAGICFIGHT\MAGICFIGHT.pdb (Full PDB)
